<?xml version="1.0" encoding="UTF-8"?>
<!-- Generated by org.testng.reporters.JUnitReportReporter -->
<testsuite hostname="DESKTOP-9BNSASJ" failures="0" tests="1" name="actions.Hometest" time="2.897" errors="0" timestamp="2022-07-25T21:09:25 IST" skipped="0">
  <testcase classname="actions.Hometest" name="basePageNavigation" time="2.897"/>
  <system-out/>
</testsuite> <!-- actions.Hometest -->
