<?xml version="1.0" encoding="UTF-8"?>
<!-- Generated by org.testng.reporters.JUnitReportReporter -->
<testsuite hostname="DESKTOP-9BNSASJ" failures="0" tests="1" name="Java.proj.HomePage" time="0.022" errors="0" timestamp="2022-03-12T23:25:34 IST" skipped="0">
  <testcase classname="Java.proj.HomePage" name="basePageNavigation" time="0.022"/>
  <system-out/>
</testsuite> <!-- Java.proj.HomePage -->
