<?xml version="1.0" encoding="UTF-8"?>
<!-- Generated by org.testng.reporters.JUnitReportReporter -->
<testsuite hostname="DESKTOP-9BNSASJ" failures="0" tests="1" name="Java.proj.Hometest" time="0.024" errors="0" timestamp="2022-03-13T11:03:08 IST" skipped="0">
  <testcase classname="Java.proj.Hometest" name="basePageNavigation" time="0.024"/>
  <system-out/>
</testsuite> <!-- Java.proj.Hometest -->
