<?xml version="1.0" encoding="UTF-8"?>
<!-- Generated by org.testng.reporters.JUnitReportReporter -->
<testsuite hostname="LAPTOP-032GO6UI" failures="0" tests="4" name="sauceTest.SauceTest" time="22.158" errors="0" timestamp="2023-01-08T20:43:34 IST" skipped="1">
  <testcase classname="sauceTest.SauceTest" name="loginuser1" time="4.445"/>
  <system-out/>
  <testcase classname="sauceTest.SauceTest" name="loginuser2" time="2.796">
    <skipped/>
  </testcase> <!-- loginuser2 -->
  <system-out/>
  <testcase classname="sauceTest.SauceTest" name="loginuser3" time="6.545"/>
  <system-out/>
  <testcase classname="sauceTest.SauceTest" name="loginuser4" time="8.372"/>
  <system-out/>
</testsuite> <!-- sauceTest.SauceTest -->
